I, [2020-03-26T11:39:51.742172 #10436]  INFO -- default-ubuntu-1804: -----> Converging <default-ubuntu-1804>...
I, [2020-03-26T11:39:51.744639 #10436]  INFO -- default-ubuntu-1804: Preparing files for transfer
I, [2020-03-26T11:39:51.745224 #10436]  INFO -- default-ubuntu-1804: Preparing modules
I, [2020-03-26T11:39:51.770050 #10436]  INFO -- default-ubuntu-1804: Preparing manifests
I, [2020-03-26T11:39:51.772996 #10436]  INFO -- default-ubuntu-1804: Preparing files
I, [2020-03-26T11:39:51.774442 #10436]  INFO -- default-ubuntu-1804: nothing to do for files
I, [2020-03-26T11:39:51.775014 #10436]  INFO -- default-ubuntu-1804: Preparing hiera (global layer)
I, [2020-03-26T11:39:51.778323 #10436]  INFO -- default-ubuntu-1804: Preparing hiera data
I, [2020-03-26T11:39:51.781189 #10436]  INFO -- default-ubuntu-1804: Preparing spec files
I, [2020-03-26T11:39:51.790138 #10436]  INFO -- default-ubuntu-1804: Finished Preparing files for transfer
I, [2020-03-26T11:39:51.792259 #10436]  INFO -- default-ubuntu-1804: Installing Puppet Collections on ubuntu
I, [2020-03-26T11:39:52.817354 #10436]  INFO -- default-ubuntu-1804: Transferring files to <default-ubuntu-1804>
I, [2020-03-26T11:39:52.987974 #10436]  INFO -- default-ubuntu-1804: Going to invoke puppet apply with:           
          
             sudo -E /opt/puppetlabs/bin/puppet apply /tmp/kitchen/manifests/default.pp --modulepath=/tmp/kitchen/modules --fileserverconfig=/tmp/kitchen/fileserver.conf     --hiera_config=/tmp/kitchen/hiera.global.yaml --detailed-exitcodes      

I, [2020-03-26T11:39:55.537082 #10436]  INFO -- default-ubuntu-1804: [mNotice: Compiled catalog for default-ubuntu-1804.vagrantup.com in environment production in 0.57 seconds[0m
I, [2020-03-26T11:39:55.665417 #10436]  INFO -- default-ubuntu-1804: [1;31mError: Execution of '/usr/bin/dpkg --force-confold -i https://download.foldingathome.org/releases/public/release/fahclient/debian-stable-64bit/v7.5/fahclient_7.5.1_amd64.deb' returned 2: dpkg: error: cannot access archive 'https://download.foldingathome.org/releases/public/release/fahclient/debian-stable-64bit/v7.5/fahclient_7.5.1_amd64.deb': No such file or directory[0m
I, [2020-03-26T11:39:55.666003 #10436]  INFO -- default-ubuntu-1804: [1;31mError: /Stage[main]/Foldingathome/Package[fahclient]/ensure: change from 'purged' to 'present' failed: Execution of '/usr/bin/dpkg --force-confold -i https://download.foldingathome.org/releases/public/release/fahclient/debian-stable-64bit/v7.5/fahclient_7.5.1_amd64.deb' returned 2: dpkg: error: cannot access archive 'https://download.foldingathome.org/releases/public/release/fahclient/debian-stable-64bit/v7.5/fahclient_7.5.1_amd64.deb': No such file or directory[0m
I, [2020-03-26T11:39:55.687859 #10436]  INFO -- default-ubuntu-1804: [mNotice: Applied catalog in 0.11 seconds[0m
E, [2020-03-26T11:39:55.780180 #10436] ERROR -- default-ubuntu-1804: Converge failed on instance <default-ubuntu-1804>.
E, [2020-03-26T11:39:55.780374 #10436] ERROR -- default-ubuntu-1804: ------Exception-------
E, [2020-03-26T11:39:55.780481 #10436] ERROR -- default-ubuntu-1804: Class: Kitchen::ActionFailed
E, [2020-03-26T11:39:55.780608 #10436] ERROR -- default-ubuntu-1804: Message: SSH exited (4) for command: [          
          
             sudo -E /opt/puppetlabs/bin/puppet apply /tmp/kitchen/manifests/default.pp --modulepath=/tmp/kitchen/modules --fileserverconfig=/tmp/kitchen/fileserver.conf     --hiera_config=/tmp/kitchen/hiera.global.yaml --detailed-exitcodes      
]
E, [2020-03-26T11:39:55.780736 #10436] ERROR -- default-ubuntu-1804: ----------------------
E, [2020-03-26T11:39:55.780846 #10436] ERROR -- default-ubuntu-1804: ------Backtrace-------
E, [2020-03-26T11:39:55.780951 #10436] ERROR -- default-ubuntu-1804: C:/Users/nick.howell/Documents/git/puppet-foldingathome/.bundle/gems/test-kitchen-2.4.0/lib/kitchen/provisioner/base.rb:95:in `rescue in call'
E, [2020-03-26T11:39:55.781054 #10436] ERROR -- default-ubuntu-1804: C:/Users/nick.howell/Documents/git/puppet-foldingathome/.bundle/gems/test-kitchen-2.4.0/lib/kitchen/provisioner/base.rb:94:in `call'
E, [2020-03-26T11:39:55.781244 #10436] ERROR -- default-ubuntu-1804: C:/Users/nick.howell/Documents/git/puppet-foldingathome/.bundle/gems/test-kitchen-2.4.0/lib/kitchen/instance.rb:409:in `block in converge_action'
E, [2020-03-26T11:39:55.781360 #10436] ERROR -- default-ubuntu-1804: C:/Users/nick.howell/Documents/git/puppet-foldingathome/.bundle/gems/test-kitchen-2.4.0/lib/kitchen/instance.rb:552:in `synchronize_or_call'
E, [2020-03-26T11:39:55.781485 #10436] ERROR -- default-ubuntu-1804: C:/Users/nick.howell/Documents/git/puppet-foldingathome/.bundle/gems/test-kitchen-2.4.0/lib/kitchen/instance.rb:514:in `block in action'
E, [2020-03-26T11:39:55.781611 #10436] ERROR -- default-ubuntu-1804: C:/tools/ruby26/lib/ruby/2.6.0/benchmark.rb:293:in `measure'
E, [2020-03-26T11:39:55.781736 #10436] ERROR -- default-ubuntu-1804: C:/Users/nick.howell/Documents/git/puppet-foldingathome/.bundle/gems/test-kitchen-2.4.0/lib/kitchen/instance.rb:513:in `action'
E, [2020-03-26T11:39:55.781828 #10436] ERROR -- default-ubuntu-1804: C:/Users/nick.howell/Documents/git/puppet-foldingathome/.bundle/gems/test-kitchen-2.4.0/lib/kitchen/instance.rb:404:in `converge_action'
E, [2020-03-26T11:39:55.781985 #10436] ERROR -- default-ubuntu-1804: C:/Users/nick.howell/Documents/git/puppet-foldingathome/.bundle/gems/test-kitchen-2.4.0/lib/kitchen/instance.rb:382:in `block (2 levels) in transition_to'
E, [2020-03-26T11:39:55.782105 #10436] ERROR -- default-ubuntu-1804: C:/Users/nick.howell/Documents/git/puppet-foldingathome/.bundle/gems/test-kitchen-2.4.0/lib/kitchen/lifecycle_hooks.rb:45:in `run_with_hooks'
E, [2020-03-26T11:39:55.782225 #10436] ERROR -- default-ubuntu-1804: C:/Users/nick.howell/Documents/git/puppet-foldingathome/.bundle/gems/test-kitchen-2.4.0/lib/kitchen/instance.rb:381:in `block in transition_to'
E, [2020-03-26T11:39:55.782286 #10436] ERROR -- default-ubuntu-1804: C:/Users/nick.howell/Documents/git/puppet-foldingathome/.bundle/gems/test-kitchen-2.4.0/lib/kitchen/instance.rb:380:in `each'
E, [2020-03-26T11:39:55.782439 #10436] ERROR -- default-ubuntu-1804: C:/Users/nick.howell/Documents/git/puppet-foldingathome/.bundle/gems/test-kitchen-2.4.0/lib/kitchen/instance.rb:380:in `transition_to'
E, [2020-03-26T11:39:55.782497 #10436] ERROR -- default-ubuntu-1804: C:/Users/nick.howell/Documents/git/puppet-foldingathome/.bundle/gems/test-kitchen-2.4.0/lib/kitchen/instance.rb:140:in `converge'
E, [2020-03-26T11:39:55.782553 #10436] ERROR -- default-ubuntu-1804: C:/Users/nick.howell/Documents/git/puppet-foldingathome/.bundle/gems/test-kitchen-2.4.0/lib/kitchen/command.rb:198:in `public_send'
E, [2020-03-26T11:39:55.782608 #10436] ERROR -- default-ubuntu-1804: C:/Users/nick.howell/Documents/git/puppet-foldingathome/.bundle/gems/test-kitchen-2.4.0/lib/kitchen/command.rb:198:in `run_action_in_thread'
E, [2020-03-26T11:39:55.782659 #10436] ERROR -- default-ubuntu-1804: C:/Users/nick.howell/Documents/git/puppet-foldingathome/.bundle/gems/test-kitchen-2.4.0/lib/kitchen/command.rb:169:in `block (2 levels) in run_action'
E, [2020-03-26T11:39:55.782710 #10436] ERROR -- default-ubuntu-1804: ----End Backtrace-----
E, [2020-03-26T11:39:55.782834 #10436] ERROR -- default-ubuntu-1804: ---Nested Exception---
E, [2020-03-26T11:39:55.782902 #10436] ERROR -- default-ubuntu-1804: Class: Kitchen::Transport::SshFailed
E, [2020-03-26T11:39:55.783002 #10436] ERROR -- default-ubuntu-1804: Message: SSH exited (4) for command: [          
          
             sudo -E /opt/puppetlabs/bin/puppet apply /tmp/kitchen/manifests/default.pp --modulepath=/tmp/kitchen/modules --fileserverconfig=/tmp/kitchen/fileserver.conf     --hiera_config=/tmp/kitchen/hiera.global.yaml --detailed-exitcodes      
]
E, [2020-03-26T11:39:55.783105 #10436] ERROR -- default-ubuntu-1804: ----------------------
E, [2020-03-26T11:39:55.783163 #10436] ERROR -- default-ubuntu-1804: ------Backtrace-------
E, [2020-03-26T11:39:55.783217 #10436] ERROR -- default-ubuntu-1804: C:/Users/nick.howell/Documents/git/puppet-foldingathome/.bundle/gems/test-kitchen-2.4.0/lib/kitchen/provisioner/base.rb:95:in `rescue in call'
E, [2020-03-26T11:39:55.783275 #10436] ERROR -- default-ubuntu-1804: C:/Users/nick.howell/Documents/git/puppet-foldingathome/.bundle/gems/test-kitchen-2.4.0/lib/kitchen/provisioner/base.rb:94:in `call'
E, [2020-03-26T11:39:55.783331 #10436] ERROR -- default-ubuntu-1804: C:/Users/nick.howell/Documents/git/puppet-foldingathome/.bundle/gems/test-kitchen-2.4.0/lib/kitchen/instance.rb:409:in `block in converge_action'
E, [2020-03-26T11:39:55.783385 #10436] ERROR -- default-ubuntu-1804: C:/Users/nick.howell/Documents/git/puppet-foldingathome/.bundle/gems/test-kitchen-2.4.0/lib/kitchen/instance.rb:552:in `synchronize_or_call'
E, [2020-03-26T11:39:55.783440 #10436] ERROR -- default-ubuntu-1804: C:/Users/nick.howell/Documents/git/puppet-foldingathome/.bundle/gems/test-kitchen-2.4.0/lib/kitchen/instance.rb:514:in `block in action'
E, [2020-03-26T11:39:55.783543 #10436] ERROR -- default-ubuntu-1804: C:/tools/ruby26/lib/ruby/2.6.0/benchmark.rb:293:in `measure'
E, [2020-03-26T11:39:55.783667 #10436] ERROR -- default-ubuntu-1804: C:/Users/nick.howell/Documents/git/puppet-foldingathome/.bundle/gems/test-kitchen-2.4.0/lib/kitchen/instance.rb:513:in `action'
E, [2020-03-26T11:39:55.783721 #10436] ERROR -- default-ubuntu-1804: C:/Users/nick.howell/Documents/git/puppet-foldingathome/.bundle/gems/test-kitchen-2.4.0/lib/kitchen/instance.rb:404:in `converge_action'
E, [2020-03-26T11:39:55.783780 #10436] ERROR -- default-ubuntu-1804: C:/Users/nick.howell/Documents/git/puppet-foldingathome/.bundle/gems/test-kitchen-2.4.0/lib/kitchen/instance.rb:382:in `block (2 levels) in transition_to'
E, [2020-03-26T11:39:55.783883 #10436] ERROR -- default-ubuntu-1804: C:/Users/nick.howell/Documents/git/puppet-foldingathome/.bundle/gems/test-kitchen-2.4.0/lib/kitchen/lifecycle_hooks.rb:45:in `run_with_hooks'
E, [2020-03-26T11:39:55.783939 #10436] ERROR -- default-ubuntu-1804: C:/Users/nick.howell/Documents/git/puppet-foldingathome/.bundle/gems/test-kitchen-2.4.0/lib/kitchen/instance.rb:381:in `block in transition_to'
E, [2020-03-26T11:39:55.784022 #10436] ERROR -- default-ubuntu-1804: C:/Users/nick.howell/Documents/git/puppet-foldingathome/.bundle/gems/test-kitchen-2.4.0/lib/kitchen/instance.rb:380:in `each'
E, [2020-03-26T11:39:55.784109 #10436] ERROR -- default-ubuntu-1804: C:/Users/nick.howell/Documents/git/puppet-foldingathome/.bundle/gems/test-kitchen-2.4.0/lib/kitchen/instance.rb:380:in `transition_to'
E, [2020-03-26T11:39:55.784193 #10436] ERROR -- default-ubuntu-1804: C:/Users/nick.howell/Documents/git/puppet-foldingathome/.bundle/gems/test-kitchen-2.4.0/lib/kitchen/instance.rb:140:in `converge'
E, [2020-03-26T11:39:55.784279 #10436] ERROR -- default-ubuntu-1804: C:/Users/nick.howell/Documents/git/puppet-foldingathome/.bundle/gems/test-kitchen-2.4.0/lib/kitchen/command.rb:198:in `public_send'
E, [2020-03-26T11:39:55.784363 #10436] ERROR -- default-ubuntu-1804: C:/Users/nick.howell/Documents/git/puppet-foldingathome/.bundle/gems/test-kitchen-2.4.0/lib/kitchen/command.rb:198:in `run_action_in_thread'
E, [2020-03-26T11:39:55.784451 #10436] ERROR -- default-ubuntu-1804: C:/Users/nick.howell/Documents/git/puppet-foldingathome/.bundle/gems/test-kitchen-2.4.0/lib/kitchen/command.rb:169:in `block (2 levels) in run_action'
E, [2020-03-26T11:39:55.784534 #10436] ERROR -- default-ubuntu-1804: ----End Backtrace-----
