I, [2020-03-26T11:39:51.431087 #10436]  INFO -- Kitchen: -----> Starting Test Kitchen (v2.4.0)
I, [2020-03-26T11:39:51.741952 #10436]  INFO -- Kitchen: -----> Converging <default-ubuntu-1804>...
E, [2020-03-26T11:39:55.787705 #10436] ERROR -- Kitchen: ------Exception-------
E, [2020-03-26T11:39:55.787807 #10436] ERROR -- Kitchen: Class: Kitchen::ActionFailed
E, [2020-03-26T11:39:55.787861 #10436] ERROR -- Kitchen: Message: 1 actions failed.
>>>>>>     Converge failed on instance <default-ubuntu-1804>.  Please see .kitchen/logs/default-ubuntu-1804.log for more details
E, [2020-03-26T11:39:55.787913 #10436] ERROR -- Kitchen: ----------------------
E, [2020-03-26T11:39:55.787965 #10436] ERROR -- Kitchen: ------Backtrace-------
E, [2020-03-26T11:39:55.788016 #10436] ERROR -- Kitchen: C:/Users/nick.howell/Documents/git/puppet-foldingathome/.bundle/gems/test-kitchen-2.4.0/lib/kitchen/command.rb:184:in `report_errors'
E, [2020-03-26T11:39:55.788067 #10436] ERROR -- Kitchen: C:/Users/nick.howell/Documents/git/puppet-foldingathome/.bundle/gems/test-kitchen-2.4.0/lib/kitchen/command.rb:175:in `run_action'
E, [2020-03-26T11:39:55.788131 #10436] ERROR -- Kitchen: C:/Users/nick.howell/Documents/git/puppet-foldingathome/.bundle/gems/test-kitchen-2.4.0/lib/kitchen/command/action.rb:36:in `block in call'
E, [2020-03-26T11:39:55.788195 #10436] ERROR -- Kitchen: C:/tools/ruby26/lib/ruby/2.6.0/benchmark.rb:293:in `measure'
E, [2020-03-26T11:39:55.788248 #10436] ERROR -- Kitchen: C:/Users/nick.howell/Documents/git/puppet-foldingathome/.bundle/gems/test-kitchen-2.4.0/lib/kitchen/command/action.rb:34:in `call'
E, [2020-03-26T11:39:55.788301 #10436] ERROR -- Kitchen: C:/Users/nick.howell/Documents/git/puppet-foldingathome/.bundle/gems/test-kitchen-2.4.0/lib/kitchen/cli.rb:52:in `perform'
E, [2020-03-26T11:39:55.788352 #10436] ERROR -- Kitchen: C:/Users/nick.howell/Documents/git/puppet-foldingathome/.bundle/gems/test-kitchen-2.4.0/lib/kitchen/cli.rb:198:in `block (2 levels) in <class:CLI>'
E, [2020-03-26T11:39:55.788403 #10436] ERROR -- Kitchen: C:/Users/nick.howell/Documents/git/puppet-foldingathome/.bundle/gems/thor-0.20.3/lib/thor/command.rb:27:in `run'
E, [2020-03-26T11:39:55.788454 #10436] ERROR -- Kitchen: C:/Users/nick.howell/Documents/git/puppet-foldingathome/.bundle/gems/thor-0.20.3/lib/thor/invocation.rb:126:in `invoke_command'
E, [2020-03-26T11:39:55.788505 #10436] ERROR -- Kitchen: C:/Users/nick.howell/Documents/git/puppet-foldingathome/.bundle/gems/thor-0.20.3/lib/thor.rb:387:in `dispatch'
E, [2020-03-26T11:39:55.788557 #10436] ERROR -- Kitchen: C:/Users/nick.howell/Documents/git/puppet-foldingathome/.bundle/gems/thor-0.20.3/lib/thor/base.rb:466:in `start'
E, [2020-03-26T11:39:55.788608 #10436] ERROR -- Kitchen: C:/Users/nick.howell/Documents/git/puppet-foldingathome/.bundle/gems/test-kitchen-2.4.0/bin/kitchen:13:in `block in <top (required)>'
E, [2020-03-26T11:39:55.788661 #10436] ERROR -- Kitchen: C:/Users/nick.howell/Documents/git/puppet-foldingathome/.bundle/gems/test-kitchen-2.4.0/lib/kitchen/errors.rb:171:in `with_friendly_errors'
E, [2020-03-26T11:39:55.788748 #10436] ERROR -- Kitchen: C:/Users/nick.howell/Documents/git/puppet-foldingathome/.bundle/gems/test-kitchen-2.4.0/bin/kitchen:13:in `<top (required)>'
E, [2020-03-26T11:39:55.788803 #10436] ERROR -- Kitchen: C:/Users/nick.howell/Documents/git/puppet-foldingathome/.bundle/bin/kitchen:23:in `load'
E, [2020-03-26T11:39:55.788856 #10436] ERROR -- Kitchen: C:/Users/nick.howell/Documents/git/puppet-foldingathome/.bundle/bin/kitchen:23:in `<main>'
E, [2020-03-26T11:39:55.788909 #10436] ERROR -- Kitchen: ----End Backtrace-----
E, [2020-03-26T11:39:55.788961 #10436] ERROR -- Kitchen: -Composite Exception--
E, [2020-03-26T11:39:55.789012 #10436] ERROR -- Kitchen: Class: Kitchen::InstanceFailure
E, [2020-03-26T11:39:55.789064 #10436] ERROR -- Kitchen: Message: Converge failed on instance <default-ubuntu-1804>.  Please see .kitchen/logs/default-ubuntu-1804.log for more details
E, [2020-03-26T11:39:55.789115 #10436] ERROR -- Kitchen: ----------------------
E, [2020-03-26T11:39:55.789167 #10436] ERROR -- Kitchen: ------Backtrace-------
E, [2020-03-26T11:39:55.789249 #10436] ERROR -- Kitchen: C:/Users/nick.howell/Documents/git/puppet-foldingathome/.bundle/gems/test-kitchen-2.4.0/lib/kitchen/provisioner/base.rb:95:in `rescue in call'
E, [2020-03-26T11:39:55.789310 #10436] ERROR -- Kitchen: C:/Users/nick.howell/Documents/git/puppet-foldingathome/.bundle/gems/test-kitchen-2.4.0/lib/kitchen/provisioner/base.rb:94:in `call'
E, [2020-03-26T11:39:55.789365 #10436] ERROR -- Kitchen: C:/Users/nick.howell/Documents/git/puppet-foldingathome/.bundle/gems/test-kitchen-2.4.0/lib/kitchen/instance.rb:409:in `block in converge_action'
E, [2020-03-26T11:39:55.789417 #10436] ERROR -- Kitchen: C:/Users/nick.howell/Documents/git/puppet-foldingathome/.bundle/gems/test-kitchen-2.4.0/lib/kitchen/instance.rb:552:in `synchronize_or_call'
E, [2020-03-26T11:39:55.789469 #10436] ERROR -- Kitchen: C:/Users/nick.howell/Documents/git/puppet-foldingathome/.bundle/gems/test-kitchen-2.4.0/lib/kitchen/instance.rb:514:in `block in action'
E, [2020-03-26T11:39:55.789520 #10436] ERROR -- Kitchen: C:/tools/ruby26/lib/ruby/2.6.0/benchmark.rb:293:in `measure'
E, [2020-03-26T11:39:55.789571 #10436] ERROR -- Kitchen: C:/Users/nick.howell/Documents/git/puppet-foldingathome/.bundle/gems/test-kitchen-2.4.0/lib/kitchen/instance.rb:513:in `action'
E, [2020-03-26T11:39:55.789623 #10436] ERROR -- Kitchen: C:/Users/nick.howell/Documents/git/puppet-foldingathome/.bundle/gems/test-kitchen-2.4.0/lib/kitchen/instance.rb:404:in `converge_action'
E, [2020-03-26T11:39:55.789676 #10436] ERROR -- Kitchen: C:/Users/nick.howell/Documents/git/puppet-foldingathome/.bundle/gems/test-kitchen-2.4.0/lib/kitchen/instance.rb:382:in `block (2 levels) in transition_to'
E, [2020-03-26T11:39:55.789728 #10436] ERROR -- Kitchen: C:/Users/nick.howell/Documents/git/puppet-foldingathome/.bundle/gems/test-kitchen-2.4.0/lib/kitchen/lifecycle_hooks.rb:45:in `run_with_hooks'
E, [2020-03-26T11:39:55.789779 #10436] ERROR -- Kitchen: C:/Users/nick.howell/Documents/git/puppet-foldingathome/.bundle/gems/test-kitchen-2.4.0/lib/kitchen/instance.rb:381:in `block in transition_to'
E, [2020-03-26T11:39:55.789830 #10436] ERROR -- Kitchen: C:/Users/nick.howell/Documents/git/puppet-foldingathome/.bundle/gems/test-kitchen-2.4.0/lib/kitchen/instance.rb:380:in `each'
E, [2020-03-26T11:39:55.789882 #10436] ERROR -- Kitchen: C:/Users/nick.howell/Documents/git/puppet-foldingathome/.bundle/gems/test-kitchen-2.4.0/lib/kitchen/instance.rb:380:in `transition_to'
E, [2020-03-26T11:39:55.789933 #10436] ERROR -- Kitchen: C:/Users/nick.howell/Documents/git/puppet-foldingathome/.bundle/gems/test-kitchen-2.4.0/lib/kitchen/instance.rb:140:in `converge'
E, [2020-03-26T11:39:55.789985 #10436] ERROR -- Kitchen: C:/Users/nick.howell/Documents/git/puppet-foldingathome/.bundle/gems/test-kitchen-2.4.0/lib/kitchen/command.rb:198:in `public_send'
E, [2020-03-26T11:39:55.790036 #10436] ERROR -- Kitchen: C:/Users/nick.howell/Documents/git/puppet-foldingathome/.bundle/gems/test-kitchen-2.4.0/lib/kitchen/command.rb:198:in `run_action_in_thread'
E, [2020-03-26T11:39:55.790087 #10436] ERROR -- Kitchen: C:/Users/nick.howell/Documents/git/puppet-foldingathome/.bundle/gems/test-kitchen-2.4.0/lib/kitchen/command.rb:169:in `block (2 levels) in run_action'
E, [2020-03-26T11:39:55.790138 #10436] ERROR -- Kitchen: ----End Backtrace-----
E, [2020-03-26T11:39:55.790189 #10436] ERROR -- Kitchen: ---Nested Exception---
E, [2020-03-26T11:39:55.790239 #10436] ERROR -- Kitchen: Class: Kitchen::ActionFailed
E, [2020-03-26T11:39:55.790290 #10436] ERROR -- Kitchen: Message: SSH exited (4) for command: [          
          
             sudo -E /opt/puppetlabs/bin/puppet apply /tmp/kitchen/manifests/default.pp --modulepath=/tmp/kitchen/modules --fileserverconfig=/tmp/kitchen/fileserver.conf     --hiera_config=/tmp/kitchen/hiera.global.yaml --detailed-exitcodes      
]
E, [2020-03-26T11:39:55.790342 #10436] ERROR -- Kitchen: ----------------------
E, [2020-03-26T11:39:55.790393 #10436] ERROR -- Kitchen: ------Backtrace-------
E, [2020-03-26T11:39:55.790444 #10436] ERROR -- Kitchen: C:/Users/nick.howell/Documents/git/puppet-foldingathome/.bundle/gems/test-kitchen-2.4.0/lib/kitchen/provisioner/base.rb:95:in `rescue in call'
E, [2020-03-26T11:39:55.790502 #10436] ERROR -- Kitchen: C:/Users/nick.howell/Documents/git/puppet-foldingathome/.bundle/gems/test-kitchen-2.4.0/lib/kitchen/provisioner/base.rb:94:in `call'
E, [2020-03-26T11:39:55.790556 #10436] ERROR -- Kitchen: C:/Users/nick.howell/Documents/git/puppet-foldingathome/.bundle/gems/test-kitchen-2.4.0/lib/kitchen/instance.rb:409:in `block in converge_action'
E, [2020-03-26T11:39:55.790609 #10436] ERROR -- Kitchen: C:/Users/nick.howell/Documents/git/puppet-foldingathome/.bundle/gems/test-kitchen-2.4.0/lib/kitchen/instance.rb:552:in `synchronize_or_call'
E, [2020-03-26T11:39:55.790663 #10436] ERROR -- Kitchen: C:/Users/nick.howell/Documents/git/puppet-foldingathome/.bundle/gems/test-kitchen-2.4.0/lib/kitchen/instance.rb:514:in `block in action'
E, [2020-03-26T11:39:55.790754 #10436] ERROR -- Kitchen: C:/tools/ruby26/lib/ruby/2.6.0/benchmark.rb:293:in `measure'
E, [2020-03-26T11:39:55.790811 #10436] ERROR -- Kitchen: C:/Users/nick.howell/Documents/git/puppet-foldingathome/.bundle/gems/test-kitchen-2.4.0/lib/kitchen/instance.rb:513:in `action'
E, [2020-03-26T11:39:55.790893 #10436] ERROR -- Kitchen: C:/Users/nick.howell/Documents/git/puppet-foldingathome/.bundle/gems/test-kitchen-2.4.0/lib/kitchen/instance.rb:404:in `converge_action'
E, [2020-03-26T11:39:55.790972 #10436] ERROR -- Kitchen: C:/Users/nick.howell/Documents/git/puppet-foldingathome/.bundle/gems/test-kitchen-2.4.0/lib/kitchen/instance.rb:382:in `block (2 levels) in transition_to'
E, [2020-03-26T11:39:55.791049 #10436] ERROR -- Kitchen: C:/Users/nick.howell/Documents/git/puppet-foldingathome/.bundle/gems/test-kitchen-2.4.0/lib/kitchen/lifecycle_hooks.rb:45:in `run_with_hooks'
E, [2020-03-26T11:39:55.791127 #10436] ERROR -- Kitchen: C:/Users/nick.howell/Documents/git/puppet-foldingathome/.bundle/gems/test-kitchen-2.4.0/lib/kitchen/instance.rb:381:in `block in transition_to'
E, [2020-03-26T11:39:55.791205 #10436] ERROR -- Kitchen: C:/Users/nick.howell/Documents/git/puppet-foldingathome/.bundle/gems/test-kitchen-2.4.0/lib/kitchen/instance.rb:380:in `each'
E, [2020-03-26T11:39:55.791265 #10436] ERROR -- Kitchen: C:/Users/nick.howell/Documents/git/puppet-foldingathome/.bundle/gems/test-kitchen-2.4.0/lib/kitchen/instance.rb:380:in `transition_to'
E, [2020-03-26T11:39:55.791343 #10436] ERROR -- Kitchen: C:/Users/nick.howell/Documents/git/puppet-foldingathome/.bundle/gems/test-kitchen-2.4.0/lib/kitchen/instance.rb:140:in `converge'
E, [2020-03-26T11:39:55.791401 #10436] ERROR -- Kitchen: C:/Users/nick.howell/Documents/git/puppet-foldingathome/.bundle/gems/test-kitchen-2.4.0/lib/kitchen/command.rb:198:in `public_send'
E, [2020-03-26T11:39:55.791494 #10436] ERROR -- Kitchen: C:/Users/nick.howell/Documents/git/puppet-foldingathome/.bundle/gems/test-kitchen-2.4.0/lib/kitchen/command.rb:198:in `run_action_in_thread'
E, [2020-03-26T11:39:55.791667 #10436] ERROR -- Kitchen: C:/Users/nick.howell/Documents/git/puppet-foldingathome/.bundle/gems/test-kitchen-2.4.0/lib/kitchen/command.rb:169:in `block (2 levels) in run_action'
E, [2020-03-26T11:39:55.791771 #10436] ERROR -- Kitchen: ----End Backtrace-----
